* using log directory ‘/Users/erinbrooks/Desktop/PharmacoGx/..Rcheck’
* using R version 3.6.1 (2019-07-05)
* using platform: x86_64-apple-darwin15.6.0 (64-bit)
* using session charset: UTF-8
* checking for file ‘./DESCRIPTION’ ... OK
* checking extension type ... Package
* this is package ‘PharmacoGx’ version ‘1.15.2’
* package encoding: UTF-8
* checking package namespace information ... OK
* checking package dependencies ... OK
* checking if this is a source package ... OK
* checking if there is a namespace ... OK
* checking for executable files ... WARNING
Found the following executable files:
  .git/objects/16/a6b1121e2b672bc5d3663f8bf0987f04aa8917
  .git/objects/19/5bc9223b3b4f0103844e4615cbcde7771e7889
  .git/objects/23/ce353d01b4d2a370d2a3af3283c5cebbc0c095
  .git/objects/24/68935757d51214ea762f6bafc40a247a7a0f7f
  .git/objects/25/3a82f4d50960d4e2841ebe284ab85d6c13f088
  .git/objects/29/d29a576cfffc5d4cea0ed3f6e3d751ef335993
  .git/objects/2f/5f44ca310f32b6882efa0bb044fe7f48572182
  .git/objects/38/21a1983d86a134d231cf2967848bf906301c67
  .git/objects/3a/949f606272be8b024c93b8b81ace3381faf2d4
  .git/objects/53/9949fea4200e3f1e9e0e7b9f27793f0996cc75
  .git/objects/66/8b2fdc859b91dd67a2014f79738d53c9cd8e45
  .git/objects/6d/e133e453da4533250468559f1adec236cca026
  .git/objects/71/2215449249e6707d9be24c1b92dffc1cfb7785
  .git/objects/71/f757a8ebe52ebfc6475942d0468acb8ac760fb
  .git/objects/77/c7928b070cfe41d441fb5a267fabf0a4375830
  .git/objects/7d/f9429b2f06604aadd4217b6e30d7f058c30c4b
  .git/objects/8b/8c8ad46c1b69e1805617368fd8d5fccd83583d
  .git/objects/8c/823029246ee79fd7d3e585b2bf360bac8fd322
  .git/objects/9e/ab696bef8d489cba0c516bc06df46c53d02e8d
  .git/objects/a2/9e7f0e0f4e5bdae159966592da4b264aab2b9b
  .git/objects/ad/54c0b61acc5b0306fc8f3fbbff773e50e226ac
  .git/objects/cb/f1318364fe1470e1a199c75289df8f285c804a
  .git/objects/d9/139fbad9c4c6b5fb9faef4b7a288698fe06ece
  .git/objects/d9/ab036db23c2379272b7ffa85e9b95dc722d360
Source packages should not contain undeclared executable files.
See section ‘Package structure’ in the ‘Writing R Extensions’ manual.
* checking for hidden files and directories ... NOTE
Found the following hidden files and directories:
  .RData
  .Rhistory
  .gitignore
  .travis.yml
  ..Rcheck
  .Rproj.user
  .git
These were most likely included in error. See section ‘Package
structure’ in the ‘Writing R Extensions’ manual.
* checking for portable file names ... OK
* checking for sufficient/correct file permissions ... OK
* checking whether package ‘PharmacoGx’ can be installed ... OK
* checking installed package size ... OK
* checking package directory ... OK
* checking DESCRIPTION meta-information ... NOTE
Checking should be performed on sources prepared by ‘R CMD build’.
* checking top-level files ... OK
* checking for left-over files ... OK
* checking index information ... OK
* checking package subdirectories ... WARNING
Found the following directory with the name of a check directory:
  ./..Rcheck
Most likely, these were included erroneously.
* checking R files for non-ASCII characters ... OK
* checking R files for syntax errors ... OK
* checking whether the package can be loaded ... OK
* checking whether the package can be loaded with stated dependencies ... OK
* checking whether the package can be unloaded cleanly ... OK
* checking whether the namespace can be loaded with stated dependencies ... OK
* checking whether the namespace can be unloaded cleanly ... OK
* checking dependencies in R code ... OK
* checking S3 generic/method consistency ... OK
* checking replacement functions ... OK
* checking foreign function calls ... OK
* checking R code for possible problems ... OK
* checking Rd files ... OK
* checking Rd metadata ... OK
* checking Rd cross-references ... OK
* checking for missing documentation entries ... OK
* checking for code/documentation mismatches ... OK
* checking Rd \usage sections ... OK
* checking Rd contents ... OK
* checking for unstated dependencies in examples ... OK
* checking contents of ‘data’ directory ... OK
* checking data for non-ASCII characters ... NOTE
  Note: found 2251 marked UTF-8 strings
* checking data for ASCII and uncompressed saves ... OK
* checking files in ‘vignettes’ ... WARNING
Files in the 'vignettes' directory but no files in 'inst/doc':
  ‘CreatingPharmacoSet.Rnw’, ‘PharmacoGx.Rnw’, ‘biblio.bib’,
    ‘pharmacogx.bib’
* checking examples ... OK
* checking for unstated dependencies in ‘tests’ ... OK
* checking tests ... OK
  Running ‘testthat.R’
* checking for unstated dependencies in vignettes ... OK
* checking package vignettes in ‘inst/doc’ ... WARNING
dir.exists(dir) is not TRUEdir.exists(dir) is not TRUE
Package vignettes without corresponding single PDF/HTML:
   ‘CreatingPharmacoSet.Rnw’
   ‘PharmacoGx.Rnw’

* checking running R code from vignettes ... OK
  ‘CreatingPharmacoSet.Rnw’using ‘UTF-8’... OK
  ‘PharmacoGx.Rnw’using ‘UTF-8’... OK
* checking re-building of vignette outputs ... OK
* checking PDF version of manual ... OK
* DONE
Status: 4 WARNINGs, 3 NOTEs
